

Started GET "/?admin=true" for 127.0.0.1 at 2014-10-16 12:49:23 +0800

ActionController::RoutingError - uninitialized constant WelcomeController:
  actionpack (4.1.6) lib/action_dispatch/routing/route_set.rb:71:in `rescue in controller'
  actionpack (4.1.6) lib/action_dispatch/routing/route_set.rb:66:in `controller'
  actionpack (4.1.6) lib/action_dispatch/routing/route_set.rb:46:in `call'
  actionpack (4.1.6) lib/action_dispatch/journey/router.rb:73:in `block in call'
  actionpack (4.1.6) lib/action_dispatch/journey/router.rb:59:in `call'
  actionpack (4.1.6) lib/action_dispatch/routing/route_set.rb:678:in `call'
  meta_request (0.3.4) lib/meta_request/middlewares/app_request_handler.rb:13:in `call'
  meta_request (0.3.4) lib/meta_request/middlewares/meta_request_handler.rb:13:in `call'
  rack (1.5.2) lib/rack/etag.rb:23:in `call'
  rack (1.5.2) lib/rack/conditionalget.rb:25:in `call'
  rack (1.5.2) lib/rack/head.rb:11:in `call'
  actionpack (4.1.6) lib/action_dispatch/middleware/params_parser.rb:27:in `call'
  actionpack (4.1.6) lib/action_dispatch/middleware/flash.rb:254:in `call'
  rack (1.5.2) lib/rack/session/abstract/id.rb:225:in `context'
  rack (1.5.2) lib/rack/session/abstract/id.rb:220:in `call'
  actionpack (4.1.6) lib/action_dispatch/middleware/cookies.rb:560:in `call'
  activerecord (4.1.6) lib/active_record/query_cache.rb:36:in `call'
  activerecord (4.1.6) lib/active_record/connection_adapters/abstract/connection_pool.rb:621:in `call'
  activerecord (4.1.6) lib/active_record/migration.rb:380:in `call'
  actionpack (4.1.6) lib/action_dispatch/middleware/callbacks.rb:29:in `block in call'
  activesupport (4.1.6) lib/active_support/callbacks.rb:82:in `run_callbacks'
  actionpack (4.1.6) lib/action_dispatch/middleware/callbacks.rb:27:in `call'
  actionpack (4.1.6) lib/action_dispatch/middleware/reloader.rb:73:in `call'
  actionpack (4.1.6) lib/action_dispatch/middleware/remote_ip.rb:76:in `call'
  better_errors (2.0.0) lib/better_errors/middleware.rb:84:in `protected_app_call'
  better_errors (2.0.0) lib/better_errors/middleware.rb:79:in `better_errors_call'
  better_errors (2.0.0) lib/better_errors/middleware.rb:57:in `call'
  rack-contrib (1.1.0) lib/rack/contrib/response_headers.rb:17:in `call'
  meta_request (0.3.4) lib/meta_request/middlewares/headers.rb:16:in `call'
  actionpack (4.1.6) lib/action_dispatch/middleware/debug_exceptions.rb:17:in `call'
  actionpack (4.1.6) lib/action_dispatch/middleware/show_exceptions.rb:30:in `call'
  railties (4.1.6) lib/rails/rack/logger.rb:38:in `call_app'
  railties (4.1.6) lib/rails/rack/logger.rb:20:in `block in call'
  activesupport (4.1.6) lib/active_support/tagged_logging.rb:68:in `block in tagged'
  activesupport (4.1.6) lib/active_support/tagged_logging.rb:26:in `tagged'
  activesupport (4.1.6) lib/active_support/tagged_logging.rb:68:in `tagged'
  railties (4.1.6) lib/rails/rack/logger.rb:20:in `call'
  actionpack (4.1.6) lib/action_dispatch/middleware/request_id.rb:21:in `call'
  rack (1.5.2) lib/rack/methodoverride.rb:21:in `call'
  rack (1.5.2) lib/rack/runtime.rb:17:in `call'
  activesupport (4.1.6) lib/active_support/cache/strategy/local_cache_middleware.rb:26:in `call'
  rack (1.5.2) lib/rack/lock.rb:17:in `call'
  actionpack (4.1.6) lib/action_dispatch/middleware/static.rb:64:in `call'
  rack (1.5.2) lib/rack/sendfile.rb:112:in `call'
  railties (4.1.6) lib/rails/engine.rb:514:in `call'
  railties (4.1.6) lib/rails/application.rb:144:in `call'
  rack (1.5.2) lib/rack/lock.rb:17:in `call'
  rack (1.5.2) lib/rack/content_length.rb:14:in `call'
  rack (1.5.2) lib/rack/handler/webrick.rb:60:in `service'
  /Users/nate/.rvm/rubies/ruby-2.1.2/lib/ruby/2.1.0/webrick/httpserver.rb:138:in `service'
  /Users/nate/.rvm/rubies/ruby-2.1.2/lib/ruby/2.1.0/webrick/httpserver.rb:94:in `run'
  /Users/nate/.rvm/rubies/ruby-2.1.2/lib/ruby/2.1.0/webrick/server.rb:295:in `block in start_thread'



Started POST "/__better_errors/308a2328e708d68f/variables" for 127.0.0.1 at 2014-10-16 12:49:24 +0800


Started GET "/" for 127.0.0.1 at 2014-10-16 12:49:27 +0800

ActionController::RoutingError - uninitialized constant WelcomeController:
  actionpack (4.1.6) lib/action_dispatch/routing/route_set.rb:71:in `rescue in controller'
  actionpack (4.1.6) lib/action_dispatch/routing/route_set.rb:66:in `controller'
  actionpack (4.1.6) lib/action_dispatch/routing/route_set.rb:46:in `call'
  actionpack (4.1.6) lib/action_dispatch/journey/router.rb:73:in `block in call'
  actionpack (4.1.6) lib/action_dispatch/journey/router.rb:59:in `call'
  actionpack (4.1.6) lib/action_dispatch/routing/route_set.rb:678:in `call'
  meta_request (0.3.4) lib/meta_request/middlewares/app_request_handler.rb:13:in `call'
  meta_request (0.3.4) lib/meta_request/middlewares/meta_request_handler.rb:13:in `call'
  rack (1.5.2) lib/rack/etag.rb:23:in `call'
  rack (1.5.2) lib/rack/conditionalget.rb:25:in `call'
  rack (1.5.2) lib/rack/head.rb:11:in `call'
  actionpack (4.1.6) lib/action_dispatch/middleware/params_parser.rb:27:in `call'
  actionpack (4.1.6) lib/action_dispatch/middleware/flash.rb:254:in `call'
  rack (1.5.2) lib/rack/session/abstract/id.rb:225:in `context'
  rack (1.5.2) lib/rack/session/abstract/id.rb:220:in `call'
  actionpack (4.1.6) lib/action_dispatch/middleware/cookies.rb:560:in `call'
  activerecord (4.1.6) lib/active_record/query_cache.rb:36:in `call'
  activerecord (4.1.6) lib/active_record/connection_adapters/abstract/connection_pool.rb:621:in `call'
  activerecord (4.1.6) lib/active_record/migration.rb:380:in `call'
  actionpack (4.1.6) lib/action_dispatch/middleware/callbacks.rb:29:in `block in call'
  activesupport (4.1.6) lib/active_support/callbacks.rb:82:in `run_callbacks'
  actionpack (4.1.6) lib/action_dispatch/middleware/callbacks.rb:27:in `call'
  actionpack (4.1.6) lib/action_dispatch/middleware/reloader.rb:73:in `call'
  actionpack (4.1.6) lib/action_dispatch/middleware/remote_ip.rb:76:in `call'
  better_errors (2.0.0) lib/better_errors/middleware.rb:84:in `protected_app_call'
  better_errors (2.0.0) lib/better_errors/middleware.rb:79:in `better_errors_call'
  better_errors (2.0.0) lib/better_errors/middleware.rb:57:in `call'
  rack-contrib (1.1.0) lib/rack/contrib/response_headers.rb:17:in `call'
  meta_request (0.3.4) lib/meta_request/middlewares/headers.rb:16:in `call'
  actionpack (4.1.6) lib/action_dispatch/middleware/debug_exceptions.rb:17:in `call'
  actionpack (4.1.6) lib/action_dispatch/middleware/show_exceptions.rb:30:in `call'
  railties (4.1.6) lib/rails/rack/logger.rb:38:in `call_app'
  railties (4.1.6) lib/rails/rack/logger.rb:20:in `block in call'
  activesupport (4.1.6) lib/active_support/tagged_logging.rb:68:in `block in tagged'
  activesupport (4.1.6) lib/active_support/tagged_logging.rb:26:in `tagged'
  activesupport (4.1.6) lib/active_support/tagged_logging.rb:68:in `tagged'
  railties (4.1.6) lib/rails/rack/logger.rb:20:in `call'
  actionpack (4.1.6) lib/action_dispatch/middleware/request_id.rb:21:in `call'
  rack (1.5.2) lib/rack/methodoverride.rb:21:in `call'
  rack (1.5.2) lib/rack/runtime.rb:17:in `call'
  activesupport (4.1.6) lib/active_support/cache/strategy/local_cache_middleware.rb:26:in `call'
  rack (1.5.2) lib/rack/lock.rb:17:in `call'
  actionpack (4.1.6) lib/action_dispatch/middleware/static.rb:64:in `call'
  rack (1.5.2) lib/rack/sendfile.rb:112:in `call'
  railties (4.1.6) lib/rails/engine.rb:514:in `call'
  railties (4.1.6) lib/rails/application.rb:144:in `call'
  rack (1.5.2) lib/rack/lock.rb:17:in `call'
  rack (1.5.2) lib/rack/content_length.rb:14:in `call'
  rack (1.5.2) lib/rack/handler/webrick.rb:60:in `service'
  /Users/nate/.rvm/rubies/ruby-2.1.2/lib/ruby/2.1.0/webrick/httpserver.rb:138:in `service'
  /Users/nate/.rvm/rubies/ruby-2.1.2/lib/ruby/2.1.0/webrick/httpserver.rb:94:in `run'
  /Users/nate/.rvm/rubies/ruby-2.1.2/lib/ruby/2.1.0/webrick/server.rb:295:in `block in start_thread'



Started POST "/__better_errors/dd200af6b1d22099/variables" for 127.0.0.1 at 2014-10-16 12:49:27 +0800


Started GET "/" for 127.0.0.1 at 2014-10-16 12:49:30 +0800

ActionController::RoutingError - uninitialized constant WelcomeController:
  actionpack (4.1.6) lib/action_dispatch/routing/route_set.rb:71:in `rescue in controller'
  actionpack (4.1.6) lib/action_dispatch/routing/route_set.rb:66:in `controller'
  actionpack (4.1.6) lib/action_dispatch/routing/route_set.rb:46:in `call'
  actionpack (4.1.6) lib/action_dispatch/journey/router.rb:73:in `block in call'
  actionpack (4.1.6) lib/action_dispatch/journey/router.rb:59:in `call'
  actionpack (4.1.6) lib/action_dispatch/routing/route_set.rb:678:in `call'
  meta_request (0.3.4) lib/meta_request/middlewares/app_request_handler.rb:13:in `call'
  meta_request (0.3.4) lib/meta_request/middlewares/meta_request_handler.rb:13:in `call'
  rack (1.5.2) lib/rack/etag.rb:23:in `call'
  rack (1.5.2) lib/rack/conditionalget.rb:25:in `call'
  rack (1.5.2) lib/rack/head.rb:11:in `call'
  actionpack (4.1.6) lib/action_dispatch/middleware/params_parser.rb:27:in `call'
  actionpack (4.1.6) lib/action_dispatch/middleware/flash.rb:254:in `call'
  rack (1.5.2) lib/rack/session/abstract/id.rb:225:in `context'
  rack (1.5.2) lib/rack/session/abstract/id.rb:220:in `call'
  actionpack (4.1.6) lib/action_dispatch/middleware/cookies.rb:560:in `call'
  activerecord (4.1.6) lib/active_record/query_cache.rb:36:in `call'
  activerecord (4.1.6) lib/active_record/connection_adapters/abstract/connection_pool.rb:621:in `call'
  activerecord (4.1.6) lib/active_record/migration.rb:380:in `call'
  actionpack (4.1.6) lib/action_dispatch/middleware/callbacks.rb:29:in `block in call'
  activesupport (4.1.6) lib/active_support/callbacks.rb:82:in `run_callbacks'
  actionpack (4.1.6) lib/action_dispatch/middleware/callbacks.rb:27:in `call'
  actionpack (4.1.6) lib/action_dispatch/middleware/reloader.rb:73:in `call'
  actionpack (4.1.6) lib/action_dispatch/middleware/remote_ip.rb:76:in `call'
  better_errors (2.0.0) lib/better_errors/middleware.rb:84:in `protected_app_call'
  better_errors (2.0.0) lib/better_errors/middleware.rb:79:in `better_errors_call'
  better_errors (2.0.0) lib/better_errors/middleware.rb:57:in `call'
  rack-contrib (1.1.0) lib/rack/contrib/response_headers.rb:17:in `call'
  meta_request (0.3.4) lib/meta_request/middlewares/headers.rb:16:in `call'
  actionpack (4.1.6) lib/action_dispatch/middleware/debug_exceptions.rb:17:in `call'
  actionpack (4.1.6) lib/action_dispatch/middleware/show_exceptions.rb:30:in `call'
  railties (4.1.6) lib/rails/rack/logger.rb:38:in `call_app'
  railties (4.1.6) lib/rails/rack/logger.rb:20:in `block in call'
  activesupport (4.1.6) lib/active_support/tagged_logging.rb:68:in `block in tagged'
  activesupport (4.1.6) lib/active_support/tagged_logging.rb:26:in `tagged'
  activesupport (4.1.6) lib/active_support/tagged_logging.rb:68:in `tagged'
  railties (4.1.6) lib/rails/rack/logger.rb:20:in `call'
  actionpack (4.1.6) lib/action_dispatch/middleware/request_id.rb:21:in `call'
  rack (1.5.2) lib/rack/methodoverride.rb:21:in `call'
  rack (1.5.2) lib/rack/runtime.rb:17:in `call'
  activesupport (4.1.6) lib/active_support/cache/strategy/local_cache_middleware.rb:26:in `call'
  rack (1.5.2) lib/rack/lock.rb:17:in `call'
  actionpack (4.1.6) lib/action_dispatch/middleware/static.rb:64:in `call'
  rack (1.5.2) lib/rack/sendfile.rb:112:in `call'
  railties (4.1.6) lib/rails/engine.rb:514:in `call'
  railties (4.1.6) lib/rails/application.rb:144:in `call'
  rack (1.5.2) lib/rack/lock.rb:17:in `call'
  rack (1.5.2) lib/rack/content_length.rb:14:in `call'
  rack (1.5.2) lib/rack/handler/webrick.rb:60:in `service'
  /Users/nate/.rvm/rubies/ruby-2.1.2/lib/ruby/2.1.0/webrick/httpserver.rb:138:in `service'
  /Users/nate/.rvm/rubies/ruby-2.1.2/lib/ruby/2.1.0/webrick/httpserver.rb:94:in `run'
  /Users/nate/.rvm/rubies/ruby-2.1.2/lib/ruby/2.1.0/webrick/server.rb:295:in `block in start_thread'



Started POST "/__better_errors/fb35f890d8969730/variables" for 127.0.0.1 at 2014-10-16 12:49:30 +0800


Started GET "/" for 127.0.0.1 at 2014-10-16 13:13:42 +0800
Processing by WelcomeController#index as HTML
  Rendered welcome/index.html.erb within layouts/application (1.9ms)
Completed 200 OK in 552ms (Views: 543.8ms | ActiveRecord: 0.0ms)


Started GET "/assets/turbolinks.js?body=1" for 127.0.0.1 at 2014-10-16 13:13:43 +0800


Started GET "/assets/jquery.js?body=1" for 127.0.0.1 at 2014-10-16 13:13:43 +0800


Started GET "/assets/application.css?body=1" for 127.0.0.1 at 2014-10-16 13:13:43 +0800


Started GET "/assets/welcome.js?body=1" for 127.0.0.1 at 2014-10-16 13:13:43 +0800


Started GET "/assets/jquery_ujs.js?body=1" for 127.0.0.1 at 2014-10-16 13:13:43 +0800


Started GET "/assets/welcome.css?body=1" for 127.0.0.1 at 2014-10-16 13:13:43 +0800


Started GET "/assets/application.js?body=1" for 127.0.0.1 at 2014-10-16 13:13:43 +0800


Started GET "/under_construction" for 127.0.0.1 at 2014-10-16 13:13:52 +0800
Processing by WelcomeController#under_construction as HTML
  Rendered welcome/under_construction.html.erb within layouts/application (0.7ms)
Completed 200 OK in 33ms (Views: 32.5ms | ActiveRecord: 0.0ms)


Started GET "/assets/jquery.js?body=1" for 127.0.0.1 at 2014-10-16 13:13:53 +0800


Started GET "/assets/welcome.js?body=1" for 127.0.0.1 at 2014-10-16 13:13:53 +0800


Started GET "/assets/jquery_ujs.js?body=1" for 127.0.0.1 at 2014-10-16 13:13:53 +0800


Started GET "/assets/application.css?body=1" for 127.0.0.1 at 2014-10-16 13:13:53 +0800


Started GET "/assets/application.js?body=1" for 127.0.0.1 at 2014-10-16 13:13:53 +0800


Started GET "/assets/turbolinks.js?body=1" for 127.0.0.1 at 2014-10-16 13:13:53 +0800


Started GET "/" for 127.0.0.1 at 2014-10-16 13:14:27 +0800
Processing by WelcomeController#index as HTML
  Rendered welcome/index.html.erb within layouts/application (0.4ms)
Completed 200 OK in 28ms (Views: 27.4ms | ActiveRecord: 0.0ms)


Started GET "/assets/application.css?body=1" for 127.0.0.1 at 2014-10-16 13:14:27 +0800


Started GET "/assets/jquery.js?body=1" for 127.0.0.1 at 2014-10-16 13:14:27 +0800


Started GET "/assets/turbolinks.js?body=1" for 127.0.0.1 at 2014-10-16 13:14:27 +0800


Started GET "/assets/welcome.js?body=1" for 127.0.0.1 at 2014-10-16 13:14:27 +0800


Started GET "/assets/application.js?body=1" for 127.0.0.1 at 2014-10-16 13:14:27 +0800


Started GET "/assets/jquery_ujs.js?body=1" for 127.0.0.1 at 2014-10-16 13:14:27 +0800


Started GET "/assets/welcome.css?body=1" for 127.0.0.1 at 2014-10-16 13:14:27 +0800


Started GET "/" for 127.0.0.1 at 2014-10-16 14:44:38 +0800
Processing by WelcomeController#index as HTML
  Rendered welcome/under_construction.html.erb (2.0ms)
Completed 200 OK in 13ms (Views: 6.1ms | ActiveRecord: 0.0ms)


Started GET "/?admin=true" for 127.0.0.1 at 2014-10-16 14:45:57 +0800
Processing by WelcomeController#index as HTML
  Parameters: {"admin"=>"true"}
  Rendered welcome/index.html.erb within layouts/application (1.5ms)
Completed 200 OK in 66ms (Views: 58.5ms | ActiveRecord: 0.0ms)


Started GET "/assets/jquery.js?body=1" for 127.0.0.1 at 2014-10-16 14:45:57 +0800


Started GET "/assets/jquery_ujs.js?body=1" for 127.0.0.1 at 2014-10-16 14:45:57 +0800


Started GET "/assets/application.css?body=1" for 127.0.0.1 at 2014-10-16 14:45:57 +0800


Started GET "/assets/application.js?body=1" for 127.0.0.1 at 2014-10-16 14:45:57 +0800


Started GET "/assets/welcome.css?body=1" for 127.0.0.1 at 2014-10-16 14:45:57 +0800


Started GET "/assets/turbolinks.js?body=1" for 127.0.0.1 at 2014-10-16 14:45:57 +0800


Started GET "/assets/welcome.js?body=1" for 127.0.0.1 at 2014-10-16 14:45:57 +0800


Started GET "/assets/goat-pesto.png" for 127.0.0.1 at 2014-10-16 14:45:57 +0800

ActionController::RoutingError (No route matches [GET] "/goat-pesto.png"):
  actionpack (4.1.6) lib/action_dispatch/middleware/debug_exceptions.rb:21:in `call'
  actionpack (4.1.6) lib/action_dispatch/middleware/show_exceptions.rb:30:in `call'
  railties (4.1.6) lib/rails/rack/logger.rb:38:in `call_app'
  railties (4.1.6) lib/rails/rack/logger.rb:20:in `block in call'
  activesupport (4.1.6) lib/active_support/tagged_logging.rb:68:in `block in tagged'
  activesupport (4.1.6) lib/active_support/tagged_logging.rb:26:in `tagged'
  activesupport (4.1.6) lib/active_support/tagged_logging.rb:68:in `tagged'
  railties (4.1.6) lib/rails/rack/logger.rb:20:in `call'
  actionpack (4.1.6) lib/action_dispatch/middleware/request_id.rb:21:in `call'
  rack (1.5.2) lib/rack/methodoverride.rb:21:in `call'
  rack (1.5.2) lib/rack/runtime.rb:17:in `call'
  activesupport (4.1.6) lib/active_support/cache/strategy/local_cache_middleware.rb:26:in `call'
  rack (1.5.2) lib/rack/lock.rb:17:in `call'
  actionpack (4.1.6) lib/action_dispatch/middleware/static.rb:64:in `call'
  rack (1.5.2) lib/rack/sendfile.rb:112:in `call'
  railties (4.1.6) lib/rails/engine.rb:514:in `call'
  railties (4.1.6) lib/rails/application.rb:144:in `call'
  rack (1.5.2) lib/rack/lock.rb:17:in `call'
  rack (1.5.2) lib/rack/content_length.rb:14:in `call'
  rack (1.5.2) lib/rack/handler/webrick.rb:60:in `service'
  /Users/nate/.rvm/rubies/ruby-2.1.2/lib/ruby/2.1.0/webrick/httpserver.rb:138:in `service'
  /Users/nate/.rvm/rubies/ruby-2.1.2/lib/ruby/2.1.0/webrick/httpserver.rb:94:in `run'
  /Users/nate/.rvm/rubies/ruby-2.1.2/lib/ruby/2.1.0/webrick/server.rb:295:in `block in start_thread'


  Rendered /Users/nate/.rvm/gems/ruby-2.1.2/gems/actionpack-4.1.6/lib/action_dispatch/middleware/templates/rescues/_trace.html.erb (0.9ms)
  Rendered /Users/nate/.rvm/gems/ruby-2.1.2/gems/actionpack-4.1.6/lib/action_dispatch/middleware/templates/routes/_route.html.erb (1.0ms)
  Rendered /Users/nate/.rvm/gems/ruby-2.1.2/gems/actionpack-4.1.6/lib/action_dispatch/middleware/templates/routes/_table.html.erb (9.3ms)
  Rendered /Users/nate/.rvm/gems/ruby-2.1.2/gems/actionpack-4.1.6/lib/action_dispatch/middleware/templates/rescues/routing_error.html.erb within rescues/layout (32.0ms)


Started GET "/assets/grilled-chicken.png" for 127.0.0.1 at 2014-10-16 14:45:57 +0800

ActionController::RoutingError (No route matches [GET] "/grilled-chicken.png"):
  actionpack (4.1.6) lib/action_dispatch/middleware/debug_exceptions.rb:21:in `call'
  actionpack (4.1.6) lib/action_dispatch/middleware/show_exceptions.rb:30:in `call'
  railties (4.1.6) lib/rails/rack/logger.rb:38:in `call_app'
  railties (4.1.6) lib/rails/rack/logger.rb:20:in `block in call'
  activesupport (4.1.6) lib/active_support/tagged_logging.rb:68:in `block in tagged'
  activesupport (4.1.6) lib/active_support/tagged_logging.rb:26:in `tagged'
  activesupport (4.1.6) lib/active_support/tagged_logging.rb:68:in `tagged'
  railties (4.1.6) lib/rails/rack/logger.rb:20:in `call'
  actionpack (4.1.6) lib/action_dispatch/middleware/request_id.rb:21:in `call'
  rack (1.5.2) lib/rack/methodoverride.rb:21:in `call'
  rack (1.5.2) lib/rack/runtime.rb:17:in `call'
  activesupport (4.1.6) lib/active_support/cache/strategy/local_cache_middleware.rb:26:in `call'
  rack (1.5.2) lib/rack/lock.rb:17:in `call'
  actionpack (4.1.6) lib/action_dispatch/middleware/static.rb:64:in `call'
  rack (1.5.2) lib/rack/sendfile.rb:112:in `call'
  railties (4.1.6) lib/rails/engine.rb:514:in `call'
  railties (4.1.6) lib/rails/application.rb:144:in `call'
  rack (1.5.2) lib/rack/lock.rb:17:in `call'
  rack (1.5.2) lib/rack/content_length.rb:14:in `call'
  rack (1.5.2) lib/rack/handler/webrick.rb:60:in `service'
  /Users/nate/.rvm/rubies/ruby-2.1.2/lib/ruby/2.1.0/webrick/httpserver.rb:138:in `service'
  /Users/nate/.rvm/rubies/ruby-2.1.2/lib/ruby/2.1.0/webrick/httpserver.rb:94:in `run'
  /Users/nate/.rvm/rubies/ruby-2.1.2/lib/ruby/2.1.0/webrick/server.rb:295:in `block in start_thread'


  Rendered /Users/nate/.rvm/gems/ruby-2.1.2/gems/actionpack-4.1.6/lib/action_dispatch/middleware/templates/rescues/_trace.html.erb (1.0ms)
  Rendered /Users/nate/.rvm/gems/ruby-2.1.2/gems/actionpack-4.1.6/lib/action_dispatch/middleware/templates/routes/_route.html.erb (0.6ms)
  Rendered /Users/nate/.rvm/gems/ruby-2.1.2/gems/actionpack-4.1.6/lib/action_dispatch/middleware/templates/routes/_table.html.erb (0.9ms)
  Rendered /Users/nate/.rvm/gems/ruby-2.1.2/gems/actionpack-4.1.6/lib/action_dispatch/middleware/templates/rescues/routing_error.html.erb within rescues/layout (13.0ms)


Started GET "/assets/healthy-wrap.png" for 127.0.0.1 at 2014-10-16 14:45:57 +0800

ActionController::RoutingError (No route matches [GET] "/healthy-wrap.png"):
  actionpack (4.1.6) lib/action_dispatch/middleware/debug_exceptions.rb:21:in `call'
  actionpack (4.1.6) lib/action_dispatch/middleware/show_exceptions.rb:30:in `call'
  railties (4.1.6) lib/rails/rack/logger.rb:38:in `call_app'
  railties (4.1.6) lib/rails/rack/logger.rb:20:in `block in call'
  activesupport (4.1.6) lib/active_support/tagged_logging.rb:68:in `block in tagged'
  activesupport (4.1.6) lib/active_support/tagged_logging.rb:26:in `tagged'
  activesupport (4.1.6) lib/active_support/tagged_logging.rb:68:in `tagged'
  railties (4.1.6) lib/rails/rack/logger.rb:20:in `call'
  actionpack (4.1.6) lib/action_dispatch/middleware/request_id.rb:21:in `call'
  rack (1.5.2) lib/rack/methodoverride.rb:21:in `call'
  rack (1.5.2) lib/rack/runtime.rb:17:in `call'
  activesupport (4.1.6) lib/active_support/cache/strategy/local_cache_middleware.rb:26:in `call'
  rack (1.5.2) lib/rack/lock.rb:17:in `call'
  actionpack (4.1.6) lib/action_dispatch/middleware/static.rb:64:in `call'
  rack (1.5.2) lib/rack/sendfile.rb:112:in `call'
  railties (4.1.6) lib/rails/engine.rb:514:in `call'
  railties (4.1.6) lib/rails/application.rb:144:in `call'
  rack (1.5.2) lib/rack/lock.rb:17:in `call'
  rack (1.5.2) lib/rack/content_length.rb:14:in `call'
  rack (1.5.2) lib/rack/handler/webrick.rb:60:in `service'
  /Users/nate/.rvm/rubies/ruby-2.1.2/lib/ruby/2.1.0/webrick/httpserver.rb:138:in `service'
  /Users/nate/.rvm/rubies/ruby-2.1.2/lib/ruby/2.1.0/webrick/httpserver.rb:94:in `run'
  /Users/nate/.rvm/rubies/ruby-2.1.2/lib/ruby/2.1.0/webrick/server.rb:295:in `block in start_thread'


  Rendered /Users/nate/.rvm/gems/ruby-2.1.2/gems/actionpack-4.1.6/lib/action_dispatch/middleware/templates/rescues/_trace.html.erb (1.1ms)
  Rendered /Users/nate/.rvm/gems/ruby-2.1.2/gems/actionpack-4.1.6/lib/action_dispatch/middleware/templates/routes/_route.html.erb (0.7ms)
  Rendered /Users/nate/.rvm/gems/ruby-2.1.2/gems/actionpack-4.1.6/lib/action_dispatch/middleware/templates/routes/_table.html.erb (0.9ms)
  Rendered /Users/nate/.rvm/gems/ruby-2.1.2/gems/actionpack-4.1.6/lib/action_dispatch/middleware/templates/rescues/routing_error.html.erb within rescues/layout (14.9ms)


Started GET "/assets/salmon-salad.png" for 127.0.0.1 at 2014-10-16 14:45:57 +0800

ActionController::RoutingError (No route matches [GET] "/salmon-salad.png"):
  actionpack (4.1.6) lib/action_dispatch/middleware/debug_exceptions.rb:21:in `call'
  actionpack (4.1.6) lib/action_dispatch/middleware/show_exceptions.rb:30:in `call'
  railties (4.1.6) lib/rails/rack/logger.rb:38:in `call_app'
  railties (4.1.6) lib/rails/rack/logger.rb:20:in `block in call'
  activesupport (4.1.6) lib/active_support/tagged_logging.rb:68:in `block in tagged'
  activesupport (4.1.6) lib/active_support/tagged_logging.rb:26:in `tagged'
  activesupport (4.1.6) lib/active_support/tagged_logging.rb:68:in `tagged'
  railties (4.1.6) lib/rails/rack/logger.rb:20:in `call'
  actionpack (4.1.6) lib/action_dispatch/middleware/request_id.rb:21:in `call'
  rack (1.5.2) lib/rack/methodoverride.rb:21:in `call'
  rack (1.5.2) lib/rack/runtime.rb:17:in `call'
  activesupport (4.1.6) lib/active_support/cache/strategy/local_cache_middleware.rb:26:in `call'
  rack (1.5.2) lib/rack/lock.rb:17:in `call'
  actionpack (4.1.6) lib/action_dispatch/middleware/static.rb:64:in `call'
  rack (1.5.2) lib/rack/sendfile.rb:112:in `call'
  railties (4.1.6) lib/rails/engine.rb:514:in `call'
  railties (4.1.6) lib/rails/application.rb:144:in `call'
  rack (1.5.2) lib/rack/lock.rb:17:in `call'
  rack (1.5.2) lib/rack/content_length.rb:14:in `call'
  rack (1.5.2) lib/rack/handler/webrick.rb:60:in `service'
  /Users/nate/.rvm/rubies/ruby-2.1.2/lib/ruby/2.1.0/webrick/httpserver.rb:138:in `service'
  /Users/nate/.rvm/rubies/ruby-2.1.2/lib/ruby/2.1.0/webrick/httpserver.rb:94:in `run'
  /Users/nate/.rvm/rubies/ruby-2.1.2/lib/ruby/2.1.0/webrick/server.rb:295:in `block in start_thread'


  Rendered /Users/nate/.rvm/gems/ruby-2.1.2/gems/actionpack-4.1.6/lib/action_dispatch/middleware/templates/rescues/_trace.html.erb (1.1ms)
  Rendered /Users/nate/.rvm/gems/ruby-2.1.2/gems/actionpack-4.1.6/lib/action_dispatch/middleware/templates/routes/_route.html.erb (0.6ms)
  Rendered /Users/nate/.rvm/gems/ruby-2.1.2/gems/actionpack-4.1.6/lib/action_dispatch/middleware/templates/routes/_table.html.erb (1.3ms)
  Rendered /Users/nate/.rvm/gems/ruby-2.1.2/gems/actionpack-4.1.6/lib/action_dispatch/middleware/templates/rescues/routing_error.html.erb within rescues/layout (16.9ms)


Started GET "/?admin=true" for 127.0.0.1 at 2014-10-16 14:47:11 +0800
Processing by WelcomeController#index as HTML
  Parameters: {"admin"=>"true"}
  Rendered welcome/index.html.erb within layouts/application (1.6ms)
Completed 200 OK in 110ms (Views: 100.8ms | ActiveRecord: 0.0ms)


Started GET "/assets/turbolinks.js?body=1" for 127.0.0.1 at 2014-10-16 14:47:11 +0800


Started GET "/assets/jquery.js?body=1" for 127.0.0.1 at 2014-10-16 14:47:11 +0800


Started GET "/assets/application.js?body=1" for 127.0.0.1 at 2014-10-16 14:47:11 +0800


Started GET "/assets/jquery_ujs.js?body=1" for 127.0.0.1 at 2014-10-16 14:47:11 +0800


Started GET "/assets/welcome.js?body=1" for 127.0.0.1 at 2014-10-16 14:47:11 +0800


Started GET "/assets/welcome.css?body=1" for 127.0.0.1 at 2014-10-16 14:47:11 +0800


Started GET "/assets/application.css?body=1" for 127.0.0.1 at 2014-10-16 14:47:11 +0800


Started GET "/assets/goat-pesto.png" for 127.0.0.1 at 2014-10-16 14:47:11 +0800


Started GET "/assets/grilled-chicken.png" for 127.0.0.1 at 2014-10-16 14:47:11 +0800


Started GET "/assets/healthy-wrap.png" for 127.0.0.1 at 2014-10-16 14:47:11 +0800


Started GET "/assets/salmon-salad.png" for 127.0.0.1 at 2014-10-16 14:47:11 +0800


Started GET "/assets/Neutral-Table-Setting.jpg" for 127.0.0.1 at 2014-10-16 14:47:11 +0800


Started GET "/?admin=true" for 127.0.0.1 at 2014-10-16 16:01:21 +0800

ActiveRecord::PendingMigrationError - 

Migrations are pending. To resolve this issue, run:

	bin/rake db:migrate RAILS_ENV=development

:
  activerecord (4.1.6) lib/active_record/migration.rb:389:in `check_pending!'
  activerecord (4.1.6) lib/active_record/migration.rb:377:in `call'
  actionpack (4.1.6) lib/action_dispatch/middleware/callbacks.rb:29:in `block in call'
  activesupport (4.1.6) lib/active_support/callbacks.rb:82:in `run_callbacks'
  actionpack (4.1.6) lib/action_dispatch/middleware/callbacks.rb:27:in `call'
  actionpack (4.1.6) lib/action_dispatch/middleware/reloader.rb:73:in `call'
  actionpack (4.1.6) lib/action_dispatch/middleware/remote_ip.rb:76:in `call'
  better_errors (2.0.0) lib/better_errors/middleware.rb:84:in `protected_app_call'
  better_errors (2.0.0) lib/better_errors/middleware.rb:79:in `better_errors_call'
  better_errors (2.0.0) lib/better_errors/middleware.rb:57:in `call'
  rack-contrib (1.1.0) lib/rack/contrib/response_headers.rb:17:in `call'
  meta_request (0.3.4) lib/meta_request/middlewares/headers.rb:16:in `call'
  actionpack (4.1.6) lib/action_dispatch/middleware/debug_exceptions.rb:17:in `call'
  actionpack (4.1.6) lib/action_dispatch/middleware/show_exceptions.rb:30:in `call'
  railties (4.1.6) lib/rails/rack/logger.rb:38:in `call_app'
  railties (4.1.6) lib/rails/rack/logger.rb:20:in `block in call'
  activesupport (4.1.6) lib/active_support/tagged_logging.rb:68:in `block in tagged'
  activesupport (4.1.6) lib/active_support/tagged_logging.rb:26:in `tagged'
  activesupport (4.1.6) lib/active_support/tagged_logging.rb:68:in `tagged'
  railties (4.1.6) lib/rails/rack/logger.rb:20:in `call'
  actionpack (4.1.6) lib/action_dispatch/middleware/request_id.rb:21:in `call'
  rack (1.5.2) lib/rack/methodoverride.rb:21:in `call'
  rack (1.5.2) lib/rack/runtime.rb:17:in `call'
  activesupport (4.1.6) lib/active_support/cache/strategy/local_cache_middleware.rb:26:in `call'
  rack (1.5.2) lib/rack/lock.rb:17:in `call'
  actionpack (4.1.6) lib/action_dispatch/middleware/static.rb:64:in `call'
  rack (1.5.2) lib/rack/sendfile.rb:112:in `call'
  railties (4.1.6) lib/rails/engine.rb:514:in `call'
  railties (4.1.6) lib/rails/application.rb:144:in `call'
  rack (1.5.2) lib/rack/lock.rb:17:in `call'
  rack (1.5.2) lib/rack/content_length.rb:14:in `call'
  rack (1.5.2) lib/rack/handler/webrick.rb:60:in `service'
  /Users/nate/.rvm/rubies/ruby-2.1.2/lib/ruby/2.1.0/webrick/httpserver.rb:138:in `service'
  /Users/nate/.rvm/rubies/ruby-2.1.2/lib/ruby/2.1.0/webrick/httpserver.rb:94:in `run'
  /Users/nate/.rvm/rubies/ruby-2.1.2/lib/ruby/2.1.0/webrick/server.rb:295:in `block in start_thread'



Started POST "/__better_errors/6aa814afbc32f480/variables" for 127.0.0.1 at 2014-10-16 16:01:21 +0800


Started GET "/?admin=true" for 127.0.0.1 at 2014-10-16 16:02:29 +0800

ActiveRecord::PendingMigrationError - 

Migrations are pending. To resolve this issue, run:

	bin/rake db:migrate RAILS_ENV=development

:
  activerecord (4.1.6) lib/active_record/migration.rb:389:in `check_pending!'
  activerecord (4.1.6) lib/active_record/migration.rb:377:in `call'
  actionpack (4.1.6) lib/action_dispatch/middleware/callbacks.rb:29:in `block in call'
  activesupport (4.1.6) lib/active_support/callbacks.rb:82:in `run_callbacks'
  actionpack (4.1.6) lib/action_dispatch/middleware/callbacks.rb:27:in `call'
  actionpack (4.1.6) lib/action_dispatch/middleware/reloader.rb:73:in `call'
  actionpack (4.1.6) lib/action_dispatch/middleware/remote_ip.rb:76:in `call'
  better_errors (2.0.0) lib/better_errors/middleware.rb:84:in `protected_app_call'
  better_errors (2.0.0) lib/better_errors/middleware.rb:79:in `better_errors_call'
  better_errors (2.0.0) lib/better_errors/middleware.rb:57:in `call'
  rack-contrib (1.1.0) lib/rack/contrib/response_headers.rb:17:in `call'
  meta_request (0.3.4) lib/meta_request/middlewares/headers.rb:16:in `call'
  actionpack (4.1.6) lib/action_dispatch/middleware/debug_exceptions.rb:17:in `call'
  actionpack (4.1.6) lib/action_dispatch/middleware/show_exceptions.rb:30:in `call'
  railties (4.1.6) lib/rails/rack/logger.rb:38:in `call_app'
  railties (4.1.6) lib/rails/rack/logger.rb:20:in `block in call'
  activesupport (4.1.6) lib/active_support/tagged_logging.rb:68:in `block in tagged'
  activesupport (4.1.6) lib/active_support/tagged_logging.rb:26:in `tagged'
  activesupport (4.1.6) lib/active_support/tagged_logging.rb:68:in `tagged'
  railties (4.1.6) lib/rails/rack/logger.rb:20:in `call'
  actionpack (4.1.6) lib/action_dispatch/middleware/request_id.rb:21:in `call'
  rack (1.5.2) lib/rack/methodoverride.rb:21:in `call'
  rack (1.5.2) lib/rack/runtime.rb:17:in `call'
  activesupport (4.1.6) lib/active_support/cache/strategy/local_cache_middleware.rb:26:in `call'
  rack (1.5.2) lib/rack/lock.rb:17:in `call'
  actionpack (4.1.6) lib/action_dispatch/middleware/static.rb:64:in `call'
  rack (1.5.2) lib/rack/sendfile.rb:112:in `call'
  railties (4.1.6) lib/rails/engine.rb:514:in `call'
  railties (4.1.6) lib/rails/application.rb:144:in `call'
  rack (1.5.2) lib/rack/lock.rb:17:in `call'
  rack (1.5.2) lib/rack/content_length.rb:14:in `call'
  rack (1.5.2) lib/rack/handler/webrick.rb:60:in `service'
  /Users/nate/.rvm/rubies/ruby-2.1.2/lib/ruby/2.1.0/webrick/httpserver.rb:138:in `service'
  /Users/nate/.rvm/rubies/ruby-2.1.2/lib/ruby/2.1.0/webrick/httpserver.rb:94:in `run'
  /Users/nate/.rvm/rubies/ruby-2.1.2/lib/ruby/2.1.0/webrick/server.rb:295:in `block in start_thread'



Started POST "/__better_errors/ca52c961b13c7a3f/variables" for 127.0.0.1 at 2014-10-16 16:02:29 +0800
  [1m[36m (0.9ms)[0m  [1mCREATE TABLE "schema_migrations" ("version" varchar(255) NOT NULL) [0m
  [1m[35m (0.1ms)[0m  select sqlite_version(*)
  [1m[36m (0.8ms)[0m  [1mCREATE UNIQUE INDEX "unique_schema_migrations" ON "schema_migrations" ("version")[0m
  [1m[35mActiveRecord::SchemaMigration Load (0.1ms)[0m  SELECT "schema_migrations".* FROM "schema_migrations"
Migrating to CreateFooditems (20141016080220)
  [1m[36m (0.1ms)[0m  [1mbegin transaction[0m
  [1m[35m (0.3ms)[0m  CREATE TABLE "fooditems" ("id" INTEGER PRIMARY KEY AUTOINCREMENT NOT NULL, "name" varchar(255), "price" float, "photo_path" varchar(255), "cuisine" varchar(255), "restaurant_name" varchar(255), "harrys_choice" boolean, "created_at" datetime, "updated_at" datetime) 
  [1m[36mSQL (0.1ms)[0m  [1mINSERT INTO "schema_migrations" ("version") VALUES (?)[0m  [["version", "20141016080220"]]
  [1m[35m (0.7ms)[0m  commit transaction
  [1m[36mActiveRecord::SchemaMigration Load (0.1ms)[0m  [1mSELECT "schema_migrations".* FROM "schema_migrations"[0m


Started GET "/?admin=true" for 127.0.0.1 at 2014-10-16 16:02:50 +0800
  [1m[36mActiveRecord::SchemaMigration Load (0.1ms)[0m  [1mSELECT "schema_migrations".* FROM "schema_migrations"[0m
Processing by WelcomeController#index as HTML
  Parameters: {"admin"=>"true"}
  Rendered welcome/index.html.erb within layouts/application (2.6ms)
Completed 200 OK in 116ms (Views: 100.1ms | ActiveRecord: 0.0ms)


Started GET "/assets/jquery.js?body=1" for 127.0.0.1 at 2014-10-16 16:02:51 +0800


Started GET "/assets/jquery_ujs.js?body=1" for 127.0.0.1 at 2014-10-16 16:02:51 +0800


Started GET "/assets/application.css?body=1" for 127.0.0.1 at 2014-10-16 16:02:51 +0800


Started GET "/assets/turbolinks.js?body=1" for 127.0.0.1 at 2014-10-16 16:02:51 +0800


Started GET "/assets/application.js?body=1" for 127.0.0.1 at 2014-10-16 16:02:51 +0800


Started GET "/assets/welcome.js?body=1" for 127.0.0.1 at 2014-10-16 16:02:51 +0800


Started GET "/assets/goat-pesto.png" for 127.0.0.1 at 2014-10-16 16:02:51 +0800


Started GET "/assets/welcome.css?body=1" for 127.0.0.1 at 2014-10-16 16:02:51 +0800


Started GET "/assets/grilled-chicken.png" for 127.0.0.1 at 2014-10-16 16:02:51 +0800


Started GET "/assets/healthy-wrap.png" for 127.0.0.1 at 2014-10-16 16:02:51 +0800


Started GET "/assets/salmon-salad.png" for 127.0.0.1 at 2014-10-16 16:02:51 +0800


Started GET "/assets/Neutral-Table-Setting.jpg" for 127.0.0.1 at 2014-10-16 16:02:51 +0800


Started GET "/" for 10.73.13.119 at 2014-10-16 16:04:27 +0800
Processing by WelcomeController#index as HTML
  Rendered welcome/under_construction.html.erb (0.5ms)
Completed 200 OK in 3ms (Views: 2.3ms | ActiveRecord: 0.0ms)


Started GET "/?admin=true" for 10.73.13.119 at 2014-10-16 16:04:33 +0800
Processing by WelcomeController#index as HTML
  Parameters: {"admin"=>"true"}
  Rendered welcome/index.html.erb within layouts/application (0.3ms)
Completed 200 OK in 38ms (Views: 37.8ms | ActiveRecord: 0.0ms)


Started GET "/assets/welcome.css?body=1" for 10.73.13.119 at 2014-10-16 16:04:33 +0800


Started GET "/assets/application.css?body=1" for 10.73.13.119 at 2014-10-16 16:04:33 +0800


Started GET "/assets/jquery.js?body=1" for 10.73.13.119 at 2014-10-16 16:04:33 +0800


Started GET "/assets/jquery_ujs.js?body=1" for 10.73.13.119 at 2014-10-16 16:04:33 +0800


Started GET "/assets/turbolinks.js?body=1" for 10.73.13.119 at 2014-10-16 16:04:33 +0800


Started GET "/assets/welcome.js?body=1" for 10.73.13.119 at 2014-10-16 16:04:33 +0800


Started GET "/assets/application.js?body=1" for 10.73.13.119 at 2014-10-16 16:04:33 +0800


Started GET "/assets/goat-pesto.png" for 10.73.13.119 at 2014-10-16 16:04:33 +0800


Started GET "/assets/grilled-chicken.png" for 10.73.13.119 at 2014-10-16 16:04:33 +0800


Started GET "/assets/healthy-wrap.png" for 10.73.13.119 at 2014-10-16 16:04:33 +0800


Started GET "/assets/salmon-salad.png" for 10.73.13.119 at 2014-10-16 16:04:33 +0800


Started GET "/assets/Neutral-Table-Setting.jpg" for 10.73.13.119 at 2014-10-16 16:04:34 +0800
  [1m[36m (0.9ms)[0m  [1mCREATE TABLE "schema_migrations" ("version" varchar(255) NOT NULL) [0m
  [1m[35m (0.1ms)[0m  select sqlite_version(*)
  [1m[36m (0.9ms)[0m  [1mCREATE UNIQUE INDEX "unique_schema_migrations" ON "schema_migrations" ("version")[0m
  [1m[35mActiveRecord::SchemaMigration Load (0.1ms)[0m  SELECT "schema_migrations".* FROM "schema_migrations"
Migrating to CreateFoodItems (20141016080926)
  [1m[36m (0.1ms)[0m  [1mbegin transaction[0m
  [1m[35m (0.5ms)[0m  CREATE TABLE "food_items" ("id" INTEGER PRIMARY KEY AUTOINCREMENT NOT NULL, "name" varchar(255), "price" float, "photo_path" varchar(255), "cuisine" varchar(255), "restaurant_name" varchar(255), "harrys_choice" boolean, "created_at" datetime, "updated_at" datetime) 
  [1m[36mSQL (0.5ms)[0m  [1mINSERT INTO "schema_migrations" ("version") VALUES (?)[0m  [["version", "20141016080926"]]
  [1m[35m (0.9ms)[0m  commit transaction
  [1m[36mActiveRecord::SchemaMigration Load (0.1ms)[0m  [1mSELECT "schema_migrations".* FROM "schema_migrations"[0m
  [1m[36m (0.1ms)[0m  [1mbegin transaction[0m
  [1m[35mSQL (0.4ms)[0m  INSERT INTO "food_items" ("created_at", "cuisine", "harrys_choice", "name", "photo_path", "price", "restaurant_name", "updated_at") VALUES (?, ?, ?, ?, ?, ?, ?, ?)  [["created_at", "2014-10-16 08:31:57.228266"], ["cuisine", "American"], ["harrys_choice", "f"], ["name", "Cobb Salad"], ["photo_path", "cobb_salad.png"], ["price", 5000.0], ["restaurant_name", "Angie's Dream Kitchen"], ["updated_at", "2014-10-16 08:31:57.228266"]]
  [1m[36m (0.7ms)[0m  [1mcommit transaction[0m
  [1m[35m (0.1ms)[0m  begin transaction
  [1m[36mSQL (0.3ms)[0m  [1mINSERT INTO "food_items" ("created_at", "cuisine", "harrys_choice", "name", "photo_path", "price", "restaurant_name", "updated_at") VALUES (?, ?, ?, ?, ?, ?, ?, ?)[0m  [["created_at", "2014-10-16 08:32:10.251692"], ["cuisine", "No Carbs"], ["harrys_choice", "f"], ["name", "Dust Essence"], ["photo_path", "dust.png"], ["price", 50.0], ["restaurant_name", "Mark's Diet"], ["updated_at", "2014-10-16 08:32:10.251692"]]
  [1m[35m (1.4ms)[0m  commit transaction
  [1m[36mFoodItem Load (0.2ms)[0m  [1mSELECT "food_items".* FROM "food_items"[0m
  [1m[35m (0.2ms)[0m  SELECT COUNT(*) FROM "food_items"
  [1m[36mSQL (0.7ms)[0m  [1mDELETE FROM "food_items" WHERE "food_items"."id" = 2[0m
  [1m[35m (0.1ms)[0m  begin transaction
  [1m[36mSQL (0.3ms)[0m  [1mINSERT INTO "food_items" ("created_at", "cuisine", "harrys_choice", "name", "photo_path", "price", "restaurant_name", "updated_at") VALUES (?, ?, ?, ?, ?, ?, ?, ?)[0m  [["created_at", "2014-10-16 08:35:08.421249"], ["cuisine", "No Carbs"], ["harrys_choice", "f"], ["name", "Dust Essence"], ["photo_path", "dust.png"], ["price", 50.0], ["restaurant_name", "Mark's Diet"], ["updated_at", "2014-10-16 08:35:08.421249"]]
  [1m[35m (1.4ms)[0m  commit transaction
  [1m[36m (0.1ms)[0m  [1mbegin transaction[0m
  [1m[35mSQL (0.3ms)[0m  INSERT INTO "food_items" ("created_at", "cuisine", "harrys_choice", "name", "photo_path", "price", "restaurant_name", "updated_at") VALUES (?, ?, ?, ?, ?, ?, ?, ?)  [["created_at", "2014-10-16 08:35:18.984658"], ["cuisine", "New American"], ["harrys_choice", "t"], ["name", "Hangar Steak"], ["photo_path", "steak.png"], ["price", 10.0], ["restaurant_name", "Fer's Homestyle Kitchen"], ["updated_at", "2014-10-16 08:35:18.984658"]]
  [1m[36m (1.4ms)[0m  [1mcommit transaction[0m
  [1m[35mFoodItem Load (0.2ms)[0m  SELECT "food_items".* FROM "food_items"
  [1m[36mFoodItem Load (0.2ms)[0m  [1mSELECT "food_items".* FROM "food_items"[0m
  [1m[35m (0.1ms)[0m  begin transaction
  [1m[36mSQL (0.3ms)[0m  [1mINSERT INTO "food_items" ("created_at", "cuisine", "harrys_choice", "name", "photo_path", "price", "restaurant_name", "updated_at") VALUES (?, ?, ?, ?, ?, ?, ?, ?)[0m  [["created_at", "2014-10-16 08:36:56.548527"], ["cuisine", "Thai"], ["harrys_choice", "t"], ["name", "Pad Thai"], ["photo_path", "pad_thai.png"], ["price", 1.0], ["restaurant_name", "Bangkok Kitchen"], ["updated_at", "2014-10-16 08:36:56.548527"]]
  [1m[35m (1.4ms)[0m  commit transaction
  [1m[36mFoodItem Load (0.3ms)[0m  [1mSELECT "food_items".* FROM "food_items"[0m
  [1m[35mFoodItem Load (0.2ms)[0m  SELECT  "food_items".* FROM "food_items"   ORDER BY "food_items"."id" ASC LIMIT 1
  [1m[36mFoodItem Load (0.2ms)[0m  [1mSELECT  "food_items".* FROM "food_items"  WHERE "food_items"."id" = ? LIMIT 1[0m  [["id", 1]]
  [1m[36m (1.1ms)[0m  [1mCREATE TABLE "schema_migrations" ("version" varchar(255) NOT NULL) [0m
  [1m[35m (0.1ms)[0m  select sqlite_version(*)
  [1m[36m (0.7ms)[0m  [1mCREATE UNIQUE INDEX "unique_schema_migrations" ON "schema_migrations" ("version")[0m
  [1m[35mActiveRecord::SchemaMigration Load (0.1ms)[0m  SELECT "schema_migrations".* FROM "schema_migrations"
Migrating to CreateFoodItems (20141016080926)
  [1m[36m (0.1ms)[0m  [1mbegin transaction[0m
  [1m[35m (0.3ms)[0m  CREATE TABLE "food_items" ("id" INTEGER PRIMARY KEY AUTOINCREMENT NOT NULL, "name" varchar(255), "price" float, "photo_path" varchar(255), "cuisine" varchar(255), "restaurant_name" varchar(255), "harrys_choice" boolean, "created_at" datetime, "updated_at" datetime) 
  [1m[36mSQL (0.2ms)[0m  [1mINSERT INTO "schema_migrations" ("version") VALUES (?)[0m  [["version", "20141016080926"]]
  [1m[35m (0.8ms)[0m  commit transaction
  [1m[36mActiveRecord::SchemaMigration Load (0.1ms)[0m  [1mSELECT "schema_migrations".* FROM "schema_migrations"[0m
  [1m[36m (0.1ms)[0m  [1mSELECT COUNT(*) FROM "food_items"[0m
  [1m[36mActiveRecord::SchemaMigration Load (0.1ms)[0m  [1mSELECT "schema_migrations".* FROM "schema_migrations"[0m
  [1m[35m (0.1ms)[0m  begin transaction
  [1m[36mSQL (0.3ms)[0m  [1mINSERT INTO "food_items" ("created_at", "cuisine", "harrys_choice", "name", "photo_path", "price", "restaurant_name", "updated_at") VALUES (?, ?, ?, ?, ?, ?, ?, ?)[0m  [["created_at", "2014-10-16 09:18:16.980329"], ["cuisine", "Western"], ["harrys_choice", "t"], ["name", "Hangar Steak"], ["photo_path", "steak.png"], ["price", 10.0], ["restaurant_name", "Fer's Homestyle Kitchen"], ["updated_at", "2014-10-16 09:18:16.980329"]]
  [1m[35m (0.7ms)[0m  commit transaction
  [1m[36m (0.0ms)[0m  [1mbegin transaction[0m
  [1m[35mSQL (0.2ms)[0m  INSERT INTO "food_items" ("created_at", "cuisine", "harrys_choice", "name", "photo_path", "price", "restaurant_name", "updated_at") VALUES (?, ?, ?, ?, ?, ?, ?, ?)  [["created_at", "2014-10-16 09:18:16.987058"], ["cuisine", "Western"], ["harrys_choice", "f"], ["name", "Cobb Salad"], ["photo_path", "cobb_salad.png"], ["price", 5000.0], ["restaurant_name", "Angie's Dream Kitchen"], ["updated_at", "2014-10-16 09:18:16.987058"]]
  [1m[36m (0.6ms)[0m  [1mcommit transaction[0m
  [1m[35m (0.0ms)[0m  begin transaction
  [1m[36mSQL (0.1ms)[0m  [1mINSERT INTO "food_items" ("created_at", "cuisine", "harrys_choice", "name", "photo_path", "price", "restaurant_name", "updated_at") VALUES (?, ?, ?, ?, ?, ?, ?, ?)[0m  [["created_at", "2014-10-16 09:18:16.991013"], ["cuisine", "Adventurous"], ["harrys_choice", "f"], ["name", "Dust Essence"], ["photo_path", "dust.png"], ["price", 50.0], ["restaurant_name", "Mark's Diet"], ["updated_at", "2014-10-16 09:18:16.991013"]]
  [1m[35m (0.8ms)[0m  commit transaction
  [1m[36m (0.1ms)[0m  [1mbegin transaction[0m
  [1m[35mSQL (0.3ms)[0m  INSERT INTO "food_items" ("created_at", "cuisine", "harrys_choice", "name", "photo_path", "price", "restaurant_name", "updated_at") VALUES (?, ?, ?, ?, ?, ?, ?, ?)  [["created_at", "2014-10-16 09:18:16.997505"], ["cuisine", "Adventurous"], ["harrys_choice", "t"], ["name", "Stephen's Big Sausage Pizza"], ["photo_path", "sausage.png"], ["price", 100.0], ["restaurant_name", "Pizza Hut"], ["updated_at", "2014-10-16 09:18:16.997505"]]
  [1m[36m (0.6ms)[0m  [1mcommit transaction[0m
  [1m[35m (0.1ms)[0m  begin transaction
  [1m[36mSQL (0.2ms)[0m  [1mINSERT INTO "food_items" ("created_at", "cuisine", "harrys_choice", "name", "photo_path", "price", "restaurant_name", "updated_at") VALUES (?, ?, ?, ?, ?, ?, ?, ?)[0m  [["created_at", "2014-10-16 09:18:17.003091"], ["cuisine", "Western"], ["harrys_choice", "t"], ["name", "Burger"], ["photo_path", "burger.png"], ["price", 5.0], ["restaurant_name", "Bob's"], ["updated_at", "2014-10-16 09:18:17.003091"]]
  [1m[35m (0.7ms)[0m  commit transaction
  [1m[36m (0.1ms)[0m  [1mbegin transaction[0m
  [1m[35mSQL (0.3ms)[0m  INSERT INTO "food_items" ("created_at", "cuisine", "harrys_choice", "name", "photo_path", "price", "restaurant_name", "updated_at") VALUES (?, ?, ?, ?, ?, ?, ?, ?)  [["created_at", "2014-10-16 09:18:17.009392"], ["cuisine", "Asian"], ["harrys_choice", "f"], ["name", "Beef Pepper Steak"], ["photo_path", "beef_pepper_steak.png"], ["price", 48.0], ["restaurant_name", "Pepper Lunch"], ["updated_at", "2014-10-16 09:18:17.009392"]]
  [1m[36m (0.8ms)[0m  [1mcommit transaction[0m
  [1m[35m (0.4ms)[0m  begin transaction
  [1m[36mSQL (0.3ms)[0m  [1mINSERT INTO "food_items" ("created_at", "cuisine", "harrys_choice", "name", "photo_path", "price", "restaurant_name", "updated_at") VALUES (?, ?, ?, ?, ?, ?, ?, ?)[0m  [["created_at", "2014-10-16 09:18:17.018365"], ["cuisine", "Western"], ["harrys_choice", "t"], ["name", "Lobster Paella"], ["photo_path", "lobster-paella.png"], ["price", 250.0], ["restaurant_name", "Catalunya"], ["updated_at", "2014-10-16 09:18:17.018365"]]
  [1m[35m (0.6ms)[0m  commit transaction
  [1m[36m (0.1ms)[0m  [1mbegin transaction[0m
  [1m[35mSQL (0.2ms)[0m  INSERT INTO "food_items" ("created_at", "cuisine", "harrys_choice", "name", "photo_path", "price", "restaurant_name", "updated_at") VALUES (?, ?, ?, ?, ?, ?, ?, ?)  [["created_at", "2014-10-16 09:18:17.025162"], ["cuisine", "Western"], ["harrys_choice", "f"], ["name", "Crispy Kale Grilled Cheese with Fried Eggs Sandwich"], ["photo_path", "crispy_kale.jpg"], ["price", 99.0], ["restaurant_name", "Yo Ma's Kitchin"], ["updated_at", "2014-10-16 09:18:17.025162"]]
  [1m[36m (0.6ms)[0m  [1mcommit transaction[0m
  [1m[35m (0.0ms)[0m  begin transaction
  [1m[36mSQL (0.2ms)[0m  [1mINSERT INTO "food_items" ("created_at", "cuisine", "harrys_choice", "name", "photo_path", "price", "restaurant_name", "updated_at") VALUES (?, ?, ?, ?, ?, ?, ?, ?)[0m  [["created_at", "2014-10-16 09:18:17.029774"], ["cuisine", "Asian"], ["harrys_choice", "t"], ["name", "Peking Duck"], ["photo_path", "peking_duck.png"], ["price", 9500.0], ["restaurant_name", "KFC"], ["updated_at", "2014-10-16 09:18:17.029774"]]
  [1m[35m (0.7ms)[0m  commit transaction
  [1m[36m (0.0ms)[0m  [1mbegin transaction[0m
  [1m[35mSQL (0.2ms)[0m  INSERT INTO "food_items" ("created_at", "cuisine", "harrys_choice", "name", "photo_path", "price", "restaurant_name", "updated_at") VALUES (?, ?, ?, ?, ?, ?, ?, ?)  [["created_at", "2014-10-16 09:18:17.035662"], ["cuisine", "Adventurous"], ["harrys_choice", "t"], ["name", "Essence of Man"], ["photo_path", "juice.png"], ["price", 150.0], ["restaurant_name", "Fit Gains"], ["updated_at", "2014-10-16 09:18:17.035662"]]
  [1m[36m (0.6ms)[0m  [1mcommit transaction[0m
  [1m[35m (0.0ms)[0m  begin transaction
  [1m[36mSQL (0.4ms)[0m  [1mINSERT INTO "food_items" ("created_at", "cuisine", "harrys_choice", "name", "photo_path", "price", "restaurant_name", "updated_at") VALUES (?, ?, ?, ?, ?, ?, ?, ?)[0m  [["created_at", "2014-10-16 09:18:17.040393"], ["cuisine", "Asian"], ["harrys_choice", "t"], ["name", "Pad Thai"], ["photo_path", "pad_thai.png"], ["price", 1.0], ["restaurant_name", "Bangkok Kitchen"], ["updated_at", "2014-10-16 09:18:17.040393"]]
  [1m[35m (0.7ms)[0m  commit transaction
  [1m[36m (0.1ms)[0m  [1mbegin transaction[0m
  [1m[35mSQL (0.3ms)[0m  INSERT INTO "food_items" ("created_at", "cuisine", "harrys_choice", "name", "photo_path", "price", "restaurant_name", "updated_at") VALUES (?, ?, ?, ?, ?, ?, ?, ?)  [["created_at", "2014-10-16 09:18:17.047541"], ["cuisine", "Adventurous"], ["harrys_choice", "t"], ["name", "Lamp"], ["photo_path", "lamp.png"], ["price", 0.0], ["restaurant_name", "Lamp"], ["updated_at", "2014-10-16 09:18:17.047541"]]
  [1m[36m (0.9ms)[0m  [1mcommit transaction[0m
  [1m[35m (0.0ms)[0m  begin transaction
  [1m[36mSQL (0.2ms)[0m  [1mINSERT INTO "food_items" ("created_at", "cuisine", "harrys_choice", "name", "photo_path", "price", "restaurant_name", "updated_at") VALUES (?, ?, ?, ?, ?, ?, ?, ?)[0m  [["created_at", "2014-10-16 09:18:17.054802"], ["cuisine", "Asian"], ["harrys_choice", "t"], ["name", "Chicken with Rice"], ["photo_path", "chicken_with_rice.png"], ["price", 100.0], ["restaurant_name", "Wanchai Food Truck"], ["updated_at", "2014-10-16 09:18:17.054802"]]
  [1m[35m (0.6ms)[0m  commit transaction
  [1m[36m (0.3ms)[0m  [1mbegin transaction[0m
  [1m[35mSQL (0.2ms)[0m  INSERT INTO "food_items" ("created_at", "cuisine", "harrys_choice", "name", "photo_path", "price", "restaurant_name", "updated_at") VALUES (?, ?, ?, ?, ?, ?, ?, ?)  [["created_at", "2014-10-16 09:18:17.060476"], ["cuisine", "Asian"], ["harrys_choice", "t"], ["name", "Monkey Brain"], ["photo_path", "monkey_brain.png"], ["price", 0.0], ["restaurant_name", "Yummy Chinese Restaurant"], ["updated_at", "2014-10-16 09:18:17.060476"]]
  [1m[36m (0.9ms)[0m  [1mcommit transaction[0m
  [1m[35m (0.1ms)[0m  begin transaction
  [1m[36mSQL (0.3ms)[0m  [1mINSERT INTO "food_items" ("created_at", "cuisine", "harrys_choice", "name", "photo_path", "price", "restaurant_name", "updated_at") VALUES (?, ?, ?, ?, ?, ?, ?, ?)[0m  [["created_at", "2014-10-16 09:18:17.067056"], ["cuisine", "Adventurous"], ["harrys_choice", "f"], ["name", "Liver with fava beans and a nice Chianti"], ["photo_path", "liver.png"], ["price", 120.0], ["restaurant_name", "Hannibal's Bistro"], ["updated_at", "2014-10-16 09:18:17.067056"]]
  [1m[35m (0.7ms)[0m  commit transaction
  [1m[36m (0.1ms)[0m  [1mbegin transaction[0m
  [1m[35mSQL (0.2ms)[0m  INSERT INTO "food_items" ("created_at", "cuisine", "harrys_choice", "name", "photo_path", "price", "restaurant_name", "updated_at") VALUES (?, ?, ?, ?, ?, ?, ?, ?)  [["created_at", "2014-10-16 09:18:17.073129"], ["cuisine", "Asian"], ["harrys_choice", "f"], ["name", "Dog Meat"], ["photo_path", "butchered_dog.png"], ["price", 30.0], ["restaurant_name", "Kim Jong Un's Favourites"], ["updated_at", "2014-10-16 09:18:17.073129"]]
  [1m[36m (0.7ms)[0m  [1mcommit transaction[0m
  [1m[35m (0.0ms)[0m  begin transaction
  [1m[36mSQL (0.2ms)[0m  [1mINSERT INTO "food_items" ("created_at", "cuisine", "harrys_choice", "name", "photo_path", "price", "restaurant_name", "updated_at") VALUES (?, ?, ?, ?, ?, ?, ?, ?)[0m  [["created_at", "2014-10-16 09:18:17.078383"], ["cuisine", "Asian"], ["harrys_choice", "t"], ["name", "Crab Yellow Curry "], ["photo_path", "Crab Yellow Curry.png"], ["price", 230.0], ["restaurant_name", "Raya"], ["updated_at", "2014-10-16 09:18:17.078383"]]
  [1m[35m (0.6ms)[0m  commit transaction
  [1m[36m (0.0ms)[0m  [1mbegin transaction[0m
  [1m[35mSQL (0.1ms)[0m  INSERT INTO "food_items" ("created_at", "cuisine", "harrys_choice", "name", "photo_path", "price", "restaurant_name", "updated_at") VALUES (?, ?, ?, ?, ?, ?, ?, ?)  [["created_at", "2014-10-16 09:18:17.083037"], ["cuisine", "Asian"], ["harrys_choice", "f"], ["name", "Frog Heart"], ["photo_path", "shaking_frog.png"], ["price", 1000.0], ["restaurant_name", "Borat's Restaurant"], ["updated_at", "2014-10-16 09:18:17.083037"]]
  [1m[36m (0.6ms)[0m  [1mcommit transaction[0m
  [1m[36m (0.1ms)[0m  [1mSELECT COUNT(*) FROM "food_items"[0m
